Determining if the pthread_create exist failed with the following output:
Change Dir: /home/ais/catkin_ws/src/build/CMakeFiles/CMakeTmp

Run Build Command:"/usr/bin/make" "cmTC_ee617/fast"
/usr/bin/make -f CMakeFiles/cmTC_ee617.dir/build.make CMakeFiles/cmTC_ee617.dir/build
make[1]: Entering directory '/home/ais/catkin_ws/src/build/CMakeFiles/CMakeTmp'
Building C object CMakeFiles/cmTC_ee617.dir/CheckSymbolExists.c.o
/usr/bin/gcc-5     -o CMakeFiles/cmTC_ee617.dir/CheckSymbolExists.c.o   -c /home/ais/catkin_ws/src/build/CMakeFiles/CMakeTmp/CheckSymbolExists.c
Linking C executable cmTC_ee617
/usr/bin/cmake -E cmake_link_script CMakeFiles/cmTC_ee617.dir/link.txt --verbose=1
/usr/bin/gcc-5       CMakeFiles/cmTC_ee617.dir/CheckSymbolExists.c.o  -o cmTC_ee617 -rdynamic 
CMakeFiles/cmTC_ee617.dir/CheckSymbolExists.c.o: In function `main':
CheckSymbolExists.c:(.text+0x16): undefined reference to `pthread_create'
collect2: error: ld returned 1 exit status
CMakeFiles/cmTC_ee617.dir/build.make:97: recipe for target 'cmTC_ee617' failed
make[1]: *** [cmTC_ee617] Error 1
make[1]: Leaving directory '/home/ais/catkin_ws/src/build/CMakeFiles/CMakeTmp'
Makefile:126: recipe for target 'cmTC_ee617/fast' failed
make: *** [cmTC_ee617/fast] Error 2

File /home/ais/catkin_ws/src/build/CMakeFiles/CMakeTmp/CheckSymbolExists.c:
/* */
#include <pthread.h>

int main(int argc, char** argv)
{
  (void)argv;
#ifndef pthread_create
  return ((int*)(&pthread_create))[argc];
#else
  (void)argc;
  return 0;
#endif
}

Determining if the function pthread_create exists in the pthreads failed with the following output:
Change Dir: /home/ais/catkin_ws/src/build/CMakeFiles/CMakeTmp

Run Build Command:"/usr/bin/make" "cmTC_54a13/fast"
/usr/bin/make -f CMakeFiles/cmTC_54a13.dir/build.make CMakeFiles/cmTC_54a13.dir/build
make[1]: Entering directory '/home/ais/catkin_ws/src/build/CMakeFiles/CMakeTmp'
Building C object CMakeFiles/cmTC_54a13.dir/CheckFunctionExists.c.o
/usr/bin/gcc-5    -DCHECK_FUNCTION_EXISTS=pthread_create   -o CMakeFiles/cmTC_54a13.dir/CheckFunctionExists.c.o   -c /usr/share/cmake-3.5/Modules/CheckFunctionExists.c
Linking C executable cmTC_54a13
/usr/bin/cmake -E cmake_link_script CMakeFiles/cmTC_54a13.dir/link.txt --verbose=1
/usr/bin/gcc-5   -DCHECK_FUNCTION_EXISTS=pthread_create    CMakeFiles/cmTC_54a13.dir/CheckFunctionExists.c.o  -o cmTC_54a13 -rdynamic -lpthreads 
/usr/bin/ld: cannot find -lpthreads
collect2: error: ld returned 1 exit status
CMakeFiles/cmTC_54a13.dir/build.make:97: recipe for target 'cmTC_54a13' failed
make[1]: *** [cmTC_54a13] Error 1
make[1]: Leaving directory '/home/ais/catkin_ws/src/build/CMakeFiles/CMakeTmp'
Makefile:126: recipe for target 'cmTC_54a13/fast' failed
make: *** [cmTC_54a13/fast] Error 2


